<?xml version="1.0" encoding="UTF-8"?>
<testng-results skipped="0" failed="0" ignored="0" total="1" passed="1">
  <reporter-output>
  </reporter-output>
  <suite name="Suite" duration-ms="20" started-at="2021-02-25T04:06:31Z" finished-at="2021-02-25T04:06:31Z">
    <groups>
    </groups>
    <test name="Test" duration-ms="20" started-at="2021-02-25T04:06:31Z" finished-at="2021-02-25T04:06:31Z">
      <class name="Maven.Simplilearn_Maven.AppTest">
        <test-method status="PASS" signature="testApp()[pri:0, instance:Maven.Simplilearn_Maven.AppTest@1a1d6a08]" name="testApp" duration-ms="6" started-at="2021-02-25T04:06:31Z" finished-at="2021-02-25T04:06:31Z">
          <reporter-output>
          </reporter-output>
        </test-method> <!-- testApp -->
      </class> <!-- Maven.Simplilearn_Maven.AppTest -->
    </test> <!-- Test -->
  </suite> <!-- Suite -->
</testng-results>
